<?xml version="1.0" encoding="UTF-8"?>
<testsuites name="loginBasic" time="33" tests="2" failures="1" errors="0">
   <testsuite name="loginBasic" tests="2" failures="1" errors="0" time="33" timestamp="2018-12-16 13:56:09" hostname="J-CALEJAS - J-CALEJAS-PC" id="Test Suites/loginBasic">
      <properties>
         <property name="deviceName" value=""/>
         <property name="devicePlatform" value=""/>
         <property name="logFolder" value="C:\\Users\\J-CALEJAS\\git\\AsesorEnLinea\\Reports\\loginBasic\\20181216_135607"/>
         <property name="logFiles" value="C:\\Users\\J-CALEJAS\\git\\AsesorEnLinea\\Reports\\loginBasic\\20181216_135607\\execution0.log"/>
         <property name="attachments" value=""/>
         <property name="hostName" value="J-CALEJAS - J-CALEJAS-PC"/>
         <property name="os" value="Windows 7 64bit"/>
         <property name="katalonVersion" value="5.9.1.2"/>
         <property name="browser" value="Chrome 71.0.3578.98"/>
         <property name="hostAddress" value="192.168.1.10"/>
         <property name="sessionId" value="40d18bf834a5f348c6da7d1d7c150ac1"/>
         <property name="seleniumVersion" value="3.7.1"/>
         <property name="proxyInformation" value="ProxyInformation{proxyOption=NO_PROXY, proxyServerType=HTTP, password=, proxyServerAddress=, proxyServerPort=0}"/>
         <property name="platform" value="Windows 7"/>
      </properties>
      <testcase name="Test Cases/LoginAsesorBasic" classname="Test Cases/LoginAsesorBasic" status="PASSED">
         <system-out><![CDATA[2018-12-16 13:56:09 - [TEST_CASE][PASSED] - Test Cases/LoginAsesorBasic: Test Cases/LoginAsesorBasic

2018-12-16 13:56:10 - [TEST_STEP][PASSED] - openBrowser(""): Browser is opened with url: ''

2018-12-16 13:56:10 - [MESSAGE][INFO] - Starting 'Chrome' driver

2018-12-16 13:56:10 - [MESSAGE][INFO] - Action delay is set to 0 seconds

2018-12-16 13:56:13 - [MESSAGE][PASSED] - Browser is opened with url: ''

2018-12-16 13:56:13 - [TEST_STEP][PASSED] - navigateToUrl("https://webasesorenlineaqa.azurewebsites.net/Account/Login#!/"): Navigate to 'https://webasesorenlineaqa.azurewebsites.net/Account/Login#!/' successfully

2018-12-16 13:56:18 - [MESSAGE][PASSED] - Navigate to 'https://webasesorenlineaqa.azurewebsites.net/Account/Login#!/' successfully

2018-12-16 13:56:18 - [TEST_STEP][PASSED] - setText(findTestObject("LoginAsesorBasic/input_INGRESE_UserName"), "pruebasuracallejas@gmail.com"): Text 'pruebasuracallejas@gmail.com' is set on object 'Object Repository/LoginAsesorBasic/input_INGRESE_UserName'

2018-12-16 13:56:18 - [MESSAGE][PASSED] - Text 'pruebasuracallejas@gmail.com' is set on object 'Object Repository/LoginAsesorBasic/input_INGRESE_UserName'

2018-12-16 13:56:18 - [TEST_STEP][PASSED] - setEncryptedText(findTestObject("LoginAsesorBasic/input_INGRESE_Password"), "b+8P+9F4CC4="): Text ****** has been set on object 'Object Repository/LoginAsesorBasic/input_INGRESE_Password'

2018-12-16 13:56:18 - [MESSAGE][PASSED] - Text ****** has been set on object 'Object Repository/LoginAsesorBasic/input_INGRESE_Password'

2018-12-16 13:56:18 - [TEST_STEP][PASSED] - click(findTestObject("LoginAsesorBasic/button_INGRESE")): Object: 'Object Repository/LoginAsesorBasic/button_INGRESE' is clicked on

2018-12-16 13:56:18 - [MESSAGE][PASSED] - Object: 'Object Repository/LoginAsesorBasic/button_INGRESE' is clicked on

2018-12-16 13:56:18 - [TEST_STEP][PASSED] - closeBrowser(): Browser is closed

2018-12-16 13:56:19 - [MESSAGE][PASSED] - Browser is closed]]></system-out>
         <system-err><![CDATA[]]></system-err>
      </testcase>
      <testcase name="Test Cases/LoginAfiliadoBasic" classname="Test Cases/LoginAfiliadoBasic" status="PASSED">
         <system-out><![CDATA[2018-12-16 13:56:19 - [TEST_CASE][PASSED] - Test Cases/LoginAfiliadoBasic: Test Cases/LoginAfiliadoBasic

2018-12-16 13:56:19 - [TEST_STEP][PASSED] - openBrowser(""): Browser is opened with url: ''

2018-12-16 13:56:19 - [MESSAGE][INFO] - Starting 'Chrome' driver

2018-12-16 13:56:22 - [MESSAGE][PASSED] - Browser is opened with url: ''

2018-12-16 13:56:22 - [TEST_STEP][PASSED] - navigateToUrl("https://webasesorenlineaqa.azurewebsites.net/Affiliate/LoginAffiliate#!/"): Navigate to 'https://webasesorenlineaqa.azurewebsites.net/Affiliate/LoginAffiliate#!/' successfully

2018-12-16 13:56:27 - [MESSAGE][PASSED] - Navigate to 'https://webasesorenlineaqa.azurewebsites.net/Affiliate/LoginAffiliate#!/' successfully

2018-12-16 13:56:27 - [TEST_STEP][PASSED] - delay(10): Delayed 10 second(s)

2018-12-16 13:56:37 - [MESSAGE][PASSED] - Delayed 10 second(s)

2018-12-16 13:56:37 - [TEST_STEP][PASSED] - selectOptionByValue(findTestObject("Object Repository/AfiliadoBasic/Page_AsesorEnLineaQA/Page_AsesorEnLineaQA/select_Seleccione el Tipo de A"), "3", true): All options with value '3' are selected in object 'Object Repository/AfiliadoBasic/Page_AsesorEnLineaQA/Page_AsesorEnLineaQA/select_Seleccione el Tipo de A'  using regular expression

2018-12-16 13:56:37 - [MESSAGE][PASSED] - All options with value '3' are selected in object 'Object Repository/AfiliadoBasic/Page_AsesorEnLineaQA/Page_AsesorEnLineaQA/select_Seleccione el Tipo de A'  using regular expression

2018-12-16 13:56:37 - [TEST_STEP][PASSED] - selectOptionByValue(findTestObject("Object Repository/AfiliadoBasic/Page_AsesorEnLineaQA/Page_AsesorEnLineaQA/select_Seleccione el Tipo de D"), "1", true): All options with value '1' are selected in object 'Object Repository/AfiliadoBasic/Page_AsesorEnLineaQA/Page_AsesorEnLineaQA/select_Seleccione el Tipo de D'  using regular expression

2018-12-16 13:56:37 - [MESSAGE][PASSED] - All options with value '1' are selected in object 'Object Repository/AfiliadoBasic/Page_AsesorEnLineaQA/Page_AsesorEnLineaQA/select_Seleccione el Tipo de D'  using regular expression

2018-12-16 13:56:37 - [TEST_STEP][PASSED] - setText(findTestObject("Object Repository/AfiliadoBasic/Page_AsesorEnLineaQA/Page_AsesorEnLineaQA/input_CONTINUE_NumeroIdentific"), "71388459"): Text '71388459' is set on object 'Object Repository/AfiliadoBasic/Page_AsesorEnLineaQA/Page_AsesorEnLineaQA/input_CONTINUE_NumeroIdentific'

2018-12-16 13:56:37 - [MESSAGE][PASSED] - Text '71388459' is set on object 'Object Repository/AfiliadoBasic/Page_AsesorEnLineaQA/Page_AsesorEnLineaQA/input_CONTINUE_NumeroIdentific'

2018-12-16 13:56:37 - [TEST_STEP][PASSED] - click(findTestObject("Object Repository/AfiliadoBasic/Page_AsesorEnLineaQA/Page_AsesorEnLineaQA/input_CONTINUE_Email")): Object: 'Object Repository/AfiliadoBasic/Page_AsesorEnLineaQA/Page_AsesorEnLineaQA/input_CONTINUE_Email' is clicked on

2018-12-16 13:56:37 - [MESSAGE][PASSED] - Object: 'Object Repository/AfiliadoBasic/Page_AsesorEnLineaQA/Page_AsesorEnLineaQA/input_CONTINUE_Email' is clicked on

2018-12-16 13:56:37 - [TEST_STEP][PASSED] - setText(findTestObject("Object Repository/AfiliadoBasic/Page_AsesorEnLineaQA/Page_AsesorEnLineaQA/input_CONTINUE_Email"), "pruebas.callejas.asesor.en.linea.afiliado@gmail.com"): Text 'pruebas.callejas.asesor.en.linea.afiliado@gmail.com' is set on object 'Object Repository/AfiliadoBasic/Page_AsesorEnLineaQA/Page_AsesorEnLineaQA/input_CONTINUE_Email'

2018-12-16 13:56:38 - [MESSAGE][PASSED] - Text 'pruebas.callejas.asesor.en.linea.afiliado@gmail.com' is set on object 'Object Repository/AfiliadoBasic/Page_AsesorEnLineaQA/Page_AsesorEnLineaQA/input_CONTINUE_Email'

2018-12-16 13:56:38 - [TEST_STEP][PASSED] - click(findTestObject("Object Repository/AfiliadoBasic/Page_AsesorEnLineaQA/Page_AsesorEnLineaQA/button_CONTINUE")): Object: 'Object Repository/AfiliadoBasic/Page_AsesorEnLineaQA/Page_AsesorEnLineaQA/button_CONTINUE' is clicked on

2018-12-16 13:56:38 - [MESSAGE][PASSED] - Object: 'Object Repository/AfiliadoBasic/Page_AsesorEnLineaQA/Page_AsesorEnLineaQA/button_CONTINUE' is clicked on

2018-12-16 13:56:38 - [TEST_STEP][PASSED] - delay(3): Delayed 3 second(s)

2018-12-16 13:56:41 - [MESSAGE][PASSED] - Delayed 3 second(s)

2018-12-16 13:56:41 - [TEST_STEP][PASSED] - selectOptionByValue(findTestObject("Object Repository/AfiliadoBasic/Page_AsesorEnLineaQA/Page_AsesorEnLineaQA/select_Seleccione la EmpresaIG"), "N900693655", true): All options with value 'N900693655' are selected in object 'Object Repository/AfiliadoBasic/Page_AsesorEnLineaQA/Page_AsesorEnLineaQA/select_Seleccione la EmpresaIG'  using regular expression

2018-12-16 13:56:41 - [MESSAGE][PASSED] - All options with value 'N900693655' are selected in object 'Object Repository/AfiliadoBasic/Page_AsesorEnLineaQA/Page_AsesorEnLineaQA/select_Seleccione la EmpresaIG'  using regular expression

2018-12-16 13:56:41 - [TEST_STEP][PASSED] - click(findTestObject("Object Repository/AfiliadoBasic/Page_AsesorEnLineaQA/Page_AsesorEnLineaQA/button_INGRESE")): Object: 'Object Repository/AfiliadoBasic/Page_AsesorEnLineaQA/Page_AsesorEnLineaQA/button_INGRESE' is clicked on

2018-12-16 13:56:41 - [MESSAGE][PASSED] - Object: 'Object Repository/AfiliadoBasic/Page_AsesorEnLineaQA/Page_AsesorEnLineaQA/button_INGRESE' is clicked on

2018-12-16 13:56:41 - [TEST_STEP][PASSED] - selectOptionByValue(findTestObject("Object Repository/AfiliadoBasic/Page_AsesorEnLineaQA/Page_AsesorEnLineaQA/select_Seleccione la EmpresaIG"), "0", true): All options with value '0' are selected in object 'Object Repository/AfiliadoBasic/Page_AsesorEnLineaQA/Page_AsesorEnLineaQA/select_Seleccione la EmpresaIG'  using regular expression

2018-12-16 13:56:41 - [MESSAGE][PASSED] - All options with value '0' are selected in object 'Object Repository/AfiliadoBasic/Page_AsesorEnLineaQA/Page_AsesorEnLineaQA/select_Seleccione la EmpresaIG'  using regular expression

2018-12-16 13:56:41 - [TEST_STEP][PASSED] - closeBrowser(): Browser is closed

2018-12-16 13:56:42 - [MESSAGE][PASSED] - Browser is closed]]></system-out>
         <system-err><![CDATA[]]></system-err>
      </testcase>
      <testcase name="Test Cases/LoginAdmintradorBasic" classname="Test Cases/LoginAdmintradorBasic" status="FAILED">
         <failure type="FAILED" message="Test Cases/LoginAdmintradorBasic FAILED.
Reason:
com.kms.katalon.core.exception.StepFailedException: Unable to navigate to 'https://webasesorenlineaqa.azurewebsites.net/Account/Login#!/' (Root cause: com.kms.katalon.core.webui.exception.BrowserNotOpenedException: Browser is not opened
Build info: version: '3.7.1', revision: '8a0099a', time: '2017-11-06T21:07:36.161Z'
System info: host: 'J-CALEJAS-PC', ip: '192.168.1.10', os.name: 'Windows 7', os.arch: 'amd64', os.version: '6.1', java.version: '1.8.0_181'
Driver info: driver.version: unknown)
	at com.kms.katalon.core.keyword.internal.KeywordMain.stepFailed(KeywordMain.groovy:36)
	at com.kms.katalon.core.webui.keyword.internal.WebUIKeywordMain.stepFailed(WebUIKeywordMain.groovy:65)
	at com.kms.katalon.core.webui.keyword.internal.WebUIKeywordMain.runKeyword(WebUIKeywordMain.groovy:27)
	at com.kms.katalon.core.webui.keyword.builtin.NavigateToUrlKeyword.navigateToUrl(NavigateToUrlKeyword.groovy:83)
	at com.kms.katalon.core.webui.keyword.builtin.NavigateToUrlKeyword.execute(NavigateToUrlKeyword.groovy:67)
	at com.kms.katalon.core.keyword.internal.KeywordExecutor.executeKeywordForPlatform(KeywordExecutor.groovy:53)
	at com.kms.katalon.core.webui.keyword.WebUiBuiltInKeywords.navigateToUrl(WebUiBuiltInKeywords.groovy:183)
	at com.kms.katalon.core.webui.keyword.WebUiBuiltInKeywords$navigateToUrl$0.call(Unknown Source)
	at LoginAdmintradorBasic.run(LoginAdmintradorBasic:16)
	at com.kms.katalon.core.main.ScriptEngine.run(ScriptEngine.java:194)
	at com.kms.katalon.core.main.ScriptEngine.runScriptAsRawText(ScriptEngine.java:119)
	at com.kms.katalon.core.main.TestCaseExecutor.runScript(TestCaseExecutor.java:321)
	at com.kms.katalon.core.main.TestCaseExecutor.doExecute(TestCaseExecutor.java:312)
	at com.kms.katalon.core.main.TestCaseExecutor.processExecutionPhase(TestCaseExecutor.java:291)
	at com.kms.katalon.core.main.TestCaseExecutor.accessMainPhase(TestCaseExecutor.java:283)
	at com.kms.katalon.core.main.TestCaseExecutor.execute(TestCaseExecutor.java:222)
	at com.kms.katalon.core.main.TestSuiteExecutor.accessTestCaseMainPhase(TestSuiteExecutor.java:129)
	at com.kms.katalon.core.main.TestSuiteExecutor.accessTestSuiteMainPhase(TestSuiteExecutor.java:112)
	at com.kms.katalon.core.main.TestSuiteExecutor.execute(TestSuiteExecutor.java:81)
	at com.kms.katalon.core.main.TestCaseMain.startTestSuite(TestCaseMain.java:149)
	at com.kms.katalon.core.main.TestCaseMain$startTestSuite$0.call(Unknown Source)
	at TempTestSuite1544986567402.run(TempTestSuite1544986567402.groovy:36)
"/>
         <system-out><![CDATA[2018-12-16 13:56:42 - [TEST_CASE][FAILED] - Test Cases/LoginAdmintradorBasic: Test Cases/LoginAdmintradorBasic FAILED.
Reason:
com.kms.katalon.core.exception.StepFailedException: Unable to navigate to 'https://webasesorenlineaqa.azurewebsites.net/Account/Login#!/' (Root cause: com.kms.katalon.core.webui.exception.BrowserNotOpenedException: Browser is not opened
Build info: version: '3.7.1', revision: '8a0099a', time: '2017-11-06T21:07:36.161Z'
System info: host: 'J-CALEJAS-PC', ip: '192.168.1.10', os.name: 'Windows 7', os.arch: 'amd64', os.version: '6.1', java.version: '1.8.0_181'
Driver info: driver.version: unknown)
	at com.kms.katalon.core.keyword.internal.KeywordMain.stepFailed(KeywordMain.groovy:36)
	at com.kms.katalon.core.webui.keyword.internal.WebUIKeywordMain.stepFailed(WebUIKeywordMain.groovy:65)
	at com.kms.katalon.core.webui.keyword.internal.WebUIKeywordMain.runKeyword(WebUIKeywordMain.groovy:27)
	at com.kms.katalon.core.webui.keyword.builtin.NavigateToUrlKeyword.navigateToUrl(NavigateToUrlKeyword.groovy:83)
	at com.kms.katalon.core.webui.keyword.builtin.NavigateToUrlKeyword.execute(NavigateToUrlKeyword.groovy:67)
	at com.kms.katalon.core.keyword.internal.KeywordExecutor.executeKeywordForPlatform(KeywordExecutor.groovy:53)
	at com.kms.katalon.core.webui.keyword.WebUiBuiltInKeywords.navigateToUrl(WebUiBuiltInKeywords.groovy:183)
	at com.kms.katalon.core.webui.keyword.WebUiBuiltInKeywords$navigateToUrl$0.call(Unknown Source)
	at LoginAdmintradorBasic.run(LoginAdmintradorBasic:16)
	at com.kms.katalon.core.main.ScriptEngine.run(ScriptEngine.java:194)
	at com.kms.katalon.core.main.ScriptEngine.runScriptAsRawText(ScriptEngine.java:119)
	at com.kms.katalon.core.main.TestCaseExecutor.runScript(TestCaseExecutor.java:321)
	at com.kms.katalon.core.main.TestCaseExecutor.doExecute(TestCaseExecutor.java:312)
	at com.kms.katalon.core.main.TestCaseExecutor.processExecutionPhase(TestCaseExecutor.java:291)
	at com.kms.katalon.core.main.TestCaseExecutor.accessMainPhase(TestCaseExecutor.java:283)
	at com.kms.katalon.core.main.TestCaseExecutor.execute(TestCaseExecutor.java:222)
	at com.kms.katalon.core.main.TestSuiteExecutor.accessTestCaseMainPhase(TestSuiteExecutor.java:129)
	at com.kms.katalon.core.main.TestSuiteExecutor.accessTestSuiteMainPhase(TestSuiteExecutor.java:112)
	at com.kms.katalon.core.main.TestSuiteExecutor.execute(TestSuiteExecutor.java:81)
	at com.kms.katalon.core.main.TestCaseMain.startTestSuite(TestCaseMain.java:149)
	at com.kms.katalon.core.main.TestCaseMain$startTestSuite$0.call(Unknown Source)
	at TempTestSuite1544986567402.run(TempTestSuite1544986567402.groovy:36)


2018-12-16 13:56:42 - [TEST_STEP][FAILED] - navigateToUrl("https://webasesorenlineaqa.azurewebsites.net/Account/Login#!/"): navigateToUrl("https://webasesorenlineaqa.azurewebsites.net/Account/Login#!/") FAILED.
Reason:
com.kms.katalon.core.exception.StepFailedException: Unable to navigate to 'https://webasesorenlineaqa.azurewebsites.net/Account/Login#!/' (Root cause: com.kms.katalon.core.webui.exception.BrowserNotOpenedException: Browser is not opened
Build info: version: '3.7.1', revision: '8a0099a', time: '2017-11-06T21:07:36.161Z'
System info: host: 'J-CALEJAS-PC', ip: '192.168.1.10', os.name: 'Windows 7', os.arch: 'amd64', os.version: '6.1', java.version: '1.8.0_181'
Driver info: driver.version: unknown)
	at com.kms.katalon.core.keyword.internal.KeywordMain.stepFailed(KeywordMain.groovy:36)
	at com.kms.katalon.core.webui.keyword.internal.WebUIKeywordMain.stepFailed(WebUIKeywordMain.groovy:65)
	at com.kms.katalon.core.webui.keyword.internal.WebUIKeywordMain.runKeyword(WebUIKeywordMain.groovy:27)
	at com.kms.katalon.core.webui.keyword.builtin.NavigateToUrlKeyword.navigateToUrl(NavigateToUrlKeyword.groovy:83)
	at com.kms.katalon.core.webui.keyword.builtin.NavigateToUrlKeyword.execute(NavigateToUrlKeyword.groovy:67)
	at com.kms.katalon.core.keyword.internal.KeywordExecutor.executeKeywordForPlatform(KeywordExecutor.groovy:53)
	at com.kms.katalon.core.webui.keyword.WebUiBuiltInKeywords.navigateToUrl(WebUiBuiltInKeywords.groovy:183)
	at com.kms.katalon.core.webui.keyword.WebUiBuiltInKeywords$navigateToUrl$0.call(Unknown Source)
	at LoginAdmintradorBasic.run(LoginAdmintradorBasic:16)
	at com.kms.katalon.core.main.ScriptEngine.run(ScriptEngine.java:194)
	at com.kms.katalon.core.main.ScriptEngine.runScriptAsRawText(ScriptEngine.java:119)
	at com.kms.katalon.core.main.TestCaseExecutor.runScript(TestCaseExecutor.java:321)
	at com.kms.katalon.core.main.TestCaseExecutor.doExecute(TestCaseExecutor.java:312)
	at com.kms.katalon.core.main.TestCaseExecutor.processExecutionPhase(TestCaseExecutor.java:291)
	at com.kms.katalon.core.main.TestCaseExecutor.accessMainPhase(TestCaseExecutor.java:283)
	at com.kms.katalon.core.main.TestCaseExecutor.execute(TestCaseExecutor.java:222)
	at com.kms.katalon.core.main.TestSuiteExecutor.accessTestCaseMainPhase(TestSuiteExecutor.java:129)
	at com.kms.katalon.core.main.TestSuiteExecutor.accessTestSuiteMainPhase(TestSuiteExecutor.java:112)
	at com.kms.katalon.core.main.TestSuiteExecutor.execute(TestSuiteExecutor.java:81)
	at com.kms.katalon.core.main.TestCaseMain.startTestSuite(TestCaseMain.java:149)
	at com.kms.katalon.core.main.TestCaseMain$startTestSuite$0.call(Unknown Source)
	at TempTestSuite1544986567402.run(TempTestSuite1544986567402.groovy:36)


2018-12-16 13:56:42 - [MESSAGE][WARNING] - Cannot take screenshot

2018-12-16 13:56:42 - [MESSAGE][FAILED] - Unable to navigate to 'https://webasesorenlineaqa.azurewebsites.net/Account/Login#!/' (Root cause: com.kms.katalon.core.webui.exception.BrowserNotOpenedException: Browser is not opened
Build info: version: '3.7.1', revision: '8a0099a', time: '2017-11-06T21:07:36.161Z'
System info: host: 'J-CALEJAS-PC', ip: '192.168.1.10', os.name: 'Windows 7', os.arch: 'amd64', os.version: '6.1', java.version: '1.8.0_181'
Driver info: driver.version: unknown)

2018-12-16 13:56:42 - [MESSAGE][FAILED] - navigateToUrl("https://webasesorenlineaqa.azurewebsites.net/Account/Login#!/") FAILED.
Reason:
com.kms.katalon.core.exception.StepFailedException: Unable to navigate to 'https://webasesorenlineaqa.azurewebsites.net/Account/Login#!/' (Root cause: com.kms.katalon.core.webui.exception.BrowserNotOpenedException: Browser is not opened
Build info: version: '3.7.1', revision: '8a0099a', time: '2017-11-06T21:07:36.161Z'
System info: host: 'J-CALEJAS-PC', ip: '192.168.1.10', os.name: 'Windows 7', os.arch: 'amd64', os.version: '6.1', java.version: '1.8.0_181'
Driver info: driver.version: unknown)
	at com.kms.katalon.core.keyword.internal.KeywordMain.stepFailed(KeywordMain.groovy:36)
	at com.kms.katalon.core.webui.keyword.internal.WebUIKeywordMain.stepFailed(WebUIKeywordMain.groovy:65)
	at com.kms.katalon.core.webui.keyword.internal.WebUIKeywordMain.runKeyword(WebUIKeywordMain.groovy:27)
	at com.kms.katalon.core.webui.keyword.builtin.NavigateToUrlKeyword.navigateToUrl(NavigateToUrlKeyword.groovy:83)
	at com.kms.katalon.core.webui.keyword.builtin.NavigateToUrlKeyword.execute(NavigateToUrlKeyword.groovy:67)
	at com.kms.katalon.core.keyword.internal.KeywordExecutor.executeKeywordForPlatform(KeywordExecutor.groovy:53)
	at com.kms.katalon.core.webui.keyword.WebUiBuiltInKeywords.navigateToUrl(WebUiBuiltInKeywords.groovy:183)
	at com.kms.katalon.core.webui.keyword.WebUiBuiltInKeywords$navigateToUrl$0.call(Unknown Source)
	at LoginAdmintradorBasic.run(LoginAdmintradorBasic:16)
	at com.kms.katalon.core.main.ScriptEngine.run(ScriptEngine.java:194)
	at com.kms.katalon.core.main.ScriptEngine.runScriptAsRawText(ScriptEngine.java:119)
	at com.kms.katalon.core.main.TestCaseExecutor.runScript(TestCaseExecutor.java:321)
	at com.kms.katalon.core.main.TestCaseExecutor.doExecute(TestCaseExecutor.java:312)
	at com.kms.katalon.core.main.TestCaseExecutor.processExecutionPhase(TestCaseExecutor.java:291)
	at com.kms.katalon.core.main.TestCaseExecutor.accessMainPhase(TestCaseExecutor.java:283)
	at com.kms.katalon.core.main.TestCaseExecutor.execute(TestCaseExecutor.java:222)
	at com.kms.katalon.core.main.TestSuiteExecutor.accessTestCaseMainPhase(TestSuiteExecutor.java:129)
	at com.kms.katalon.core.main.TestSuiteExecutor.accessTestSuiteMainPhase(TestSuiteExecutor.java:112)
	at com.kms.katalon.core.main.TestSuiteExecutor.execute(TestSuiteExecutor.java:81)
	at com.kms.katalon.core.main.TestCaseMain.startTestSuite(TestCaseMain.java:149)
	at com.kms.katalon.core.main.TestCaseMain$startTestSuite$0.call(Unknown Source)
	at TempTestSuite1544986567402.run(TempTestSuite1544986567402.groovy:36)]]></system-out>
         <system-err><![CDATA[2018-12-16 13:56:42 - [TEST_CASE][FAILED] - Test Cases/LoginAdmintradorBasic: Test Cases/LoginAdmintradorBasic FAILED.
Reason:
com.kms.katalon.core.exception.StepFailedException: Unable to navigate to 'https://webasesorenlineaqa.azurewebsites.net/Account/Login#!/' (Root cause: com.kms.katalon.core.webui.exception.BrowserNotOpenedException: Browser is not opened
Build info: version: '3.7.1', revision: '8a0099a', time: '2017-11-06T21:07:36.161Z'
System info: host: 'J-CALEJAS-PC', ip: '192.168.1.10', os.name: 'Windows 7', os.arch: 'amd64', os.version: '6.1', java.version: '1.8.0_181'
Driver info: driver.version: unknown)
	at com.kms.katalon.core.keyword.internal.KeywordMain.stepFailed(KeywordMain.groovy:36)
	at com.kms.katalon.core.webui.keyword.internal.WebUIKeywordMain.stepFailed(WebUIKeywordMain.groovy:65)
	at com.kms.katalon.core.webui.keyword.internal.WebUIKeywordMain.runKeyword(WebUIKeywordMain.groovy:27)
	at com.kms.katalon.core.webui.keyword.builtin.NavigateToUrlKeyword.navigateToUrl(NavigateToUrlKeyword.groovy:83)
	at com.kms.katalon.core.webui.keyword.builtin.NavigateToUrlKeyword.execute(NavigateToUrlKeyword.groovy:67)
	at com.kms.katalon.core.keyword.internal.KeywordExecutor.executeKeywordForPlatform(KeywordExecutor.groovy:53)
	at com.kms.katalon.core.webui.keyword.WebUiBuiltInKeywords.navigateToUrl(WebUiBuiltInKeywords.groovy:183)
	at com.kms.katalon.core.webui.keyword.WebUiBuiltInKeywords$navigateToUrl$0.call(Unknown Source)
	at LoginAdmintradorBasic.run(LoginAdmintradorBasic:16)
	at com.kms.katalon.core.main.ScriptEngine.run(ScriptEngine.java:194)
	at com.kms.katalon.core.main.ScriptEngine.runScriptAsRawText(ScriptEngine.java:119)
	at com.kms.katalon.core.main.TestCaseExecutor.runScript(TestCaseExecutor.java:321)
	at com.kms.katalon.core.main.TestCaseExecutor.doExecute(TestCaseExecutor.java:312)
	at com.kms.katalon.core.main.TestCaseExecutor.processExecutionPhase(TestCaseExecutor.java:291)
	at com.kms.katalon.core.main.TestCaseExecutor.accessMainPhase(TestCaseExecutor.java:283)
	at com.kms.katalon.core.main.TestCaseExecutor.execute(TestCaseExecutor.java:222)
	at com.kms.katalon.core.main.TestSuiteExecutor.accessTestCaseMainPhase(TestSuiteExecutor.java:129)
	at com.kms.katalon.core.main.TestSuiteExecutor.accessTestSuiteMainPhase(TestSuiteExecutor.java:112)
	at com.kms.katalon.core.main.TestSuiteExecutor.execute(TestSuiteExecutor.java:81)
	at com.kms.katalon.core.main.TestCaseMain.startTestSuite(TestCaseMain.java:149)
	at com.kms.katalon.core.main.TestCaseMain$startTestSuite$0.call(Unknown Source)
	at TempTestSuite1544986567402.run(TempTestSuite1544986567402.groovy:36)]]></system-err>
      </testcase>
      <system-out><![CDATA[2018-12-16 13:56:09 - [TEST_SUITE][FAILED] - loginBasic: Test Cases/LoginAdmintradorBasic FAILED.
Reason:
com.kms.katalon.core.exception.StepFailedException: Unable to navigate to 'https://webasesorenlineaqa.azurewebsites.net/Account/Login#!/' (Root cause: com.kms.katalon.core.webui.exception.BrowserNotOpenedException: Browser is not opened
Build info: version: '3.7.1', revision: '8a0099a', time: '2017-11-06T21:07:36.161Z'
System info: host: 'J-CALEJAS-PC', ip: '192.168.1.10', os.name: 'Windows 7', os.arch: 'amd64', os.version: '6.1', java.version: '1.8.0_181'
Driver info: driver.version: unknown)
	at com.kms.katalon.core.keyword.internal.KeywordMain.stepFailed(KeywordMain.groovy:36)
	at com.kms.katalon.core.webui.keyword.internal.WebUIKeywordMain.stepFailed(WebUIKeywordMain.groovy:65)
	at com.kms.katalon.core.webui.keyword.internal.WebUIKeywordMain.runKeyword(WebUIKeywordMain.groovy:27)
	at com.kms.katalon.core.webui.keyword.builtin.NavigateToUrlKeyword.navigateToUrl(NavigateToUrlKeyword.groovy:83)
	at com.kms.katalon.core.webui.keyword.builtin.NavigateToUrlKeyword.execute(NavigateToUrlKeyword.groovy:67)
	at com.kms.katalon.core.keyword.internal.KeywordExecutor.executeKeywordForPlatform(KeywordExecutor.groovy:53)
	at com.kms.katalon.core.webui.keyword.WebUiBuiltInKeywords.navigateToUrl(WebUiBuiltInKeywords.groovy:183)
	at com.kms.katalon.core.webui.keyword.WebUiBuiltInKeywords$navigateToUrl$0.call(Unknown Source)
	at LoginAdmintradorBasic.run(LoginAdmintradorBasic:16)
	at com.kms.katalon.core.main.ScriptEngine.run(ScriptEngine.java:194)
	at com.kms.katalon.core.main.ScriptEngine.runScriptAsRawText(ScriptEngine.java:119)
	at com.kms.katalon.core.main.TestCaseExecutor.runScript(TestCaseExecutor.java:321)
	at com.kms.katalon.core.main.TestCaseExecutor.doExecute(TestCaseExecutor.java:312)
	at com.kms.katalon.core.main.TestCaseExecutor.processExecutionPhase(TestCaseExecutor.java:291)
	at com.kms.katalon.core.main.TestCaseExecutor.accessMainPhase(TestCaseExecutor.java:283)
	at com.kms.katalon.core.main.TestCaseExecutor.execute(TestCaseExecutor.java:222)
	at com.kms.katalon.core.main.TestSuiteExecutor.accessTestCaseMainPhase(TestSuiteExecutor.java:129)
	at com.kms.katalon.core.main.TestSuiteExecutor.accessTestSuiteMainPhase(TestSuiteExecutor.java:112)
	at com.kms.katalon.core.main.TestSuiteExecutor.execute(TestSuiteExecutor.java:81)
	at com.kms.katalon.core.main.TestCaseMain.startTestSuite(TestCaseMain.java:149)
	at com.kms.katalon.core.main.TestCaseMain$startTestSuite$0.call(Unknown Source)
	at TempTestSuite1544986567402.run(TempTestSuite1544986567402.groovy:36)]]></system-out>
      <system-err><![CDATA[2018-12-16 13:56:09 - [TEST_SUITE][FAILED] - loginBasic: Test Cases/LoginAdmintradorBasic FAILED.
Reason:
com.kms.katalon.core.exception.StepFailedException: Unable to navigate to 'https://webasesorenlineaqa.azurewebsites.net/Account/Login#!/' (Root cause: com.kms.katalon.core.webui.exception.BrowserNotOpenedException: Browser is not opened
Build info: version: '3.7.1', revision: '8a0099a', time: '2017-11-06T21:07:36.161Z'
System info: host: 'J-CALEJAS-PC', ip: '192.168.1.10', os.name: 'Windows 7', os.arch: 'amd64', os.version: '6.1', java.version: '1.8.0_181'
Driver info: driver.version: unknown)
	at com.kms.katalon.core.keyword.internal.KeywordMain.stepFailed(KeywordMain.groovy:36)
	at com.kms.katalon.core.webui.keyword.internal.WebUIKeywordMain.stepFailed(WebUIKeywordMain.groovy:65)
	at com.kms.katalon.core.webui.keyword.internal.WebUIKeywordMain.runKeyword(WebUIKeywordMain.groovy:27)
	at com.kms.katalon.core.webui.keyword.builtin.NavigateToUrlKeyword.navigateToUrl(NavigateToUrlKeyword.groovy:83)
	at com.kms.katalon.core.webui.keyword.builtin.NavigateToUrlKeyword.execute(NavigateToUrlKeyword.groovy:67)
	at com.kms.katalon.core.keyword.internal.KeywordExecutor.executeKeywordForPlatform(KeywordExecutor.groovy:53)
	at com.kms.katalon.core.webui.keyword.WebUiBuiltInKeywords.navigateToUrl(WebUiBuiltInKeywords.groovy:183)
	at com.kms.katalon.core.webui.keyword.WebUiBuiltInKeywords$navigateToUrl$0.call(Unknown Source)
	at LoginAdmintradorBasic.run(LoginAdmintradorBasic:16)
	at com.kms.katalon.core.main.ScriptEngine.run(ScriptEngine.java:194)
	at com.kms.katalon.core.main.ScriptEngine.runScriptAsRawText(ScriptEngine.java:119)
	at com.kms.katalon.core.main.TestCaseExecutor.runScript(TestCaseExecutor.java:321)
	at com.kms.katalon.core.main.TestCaseExecutor.doExecute(TestCaseExecutor.java:312)
	at com.kms.katalon.core.main.TestCaseExecutor.processExecutionPhase(TestCaseExecutor.java:291)
	at com.kms.katalon.core.main.TestCaseExecutor.accessMainPhase(TestCaseExecutor.java:283)
	at com.kms.katalon.core.main.TestCaseExecutor.execute(TestCaseExecutor.java:222)
	at com.kms.katalon.core.main.TestSuiteExecutor.accessTestCaseMainPhase(TestSuiteExecutor.java:129)
	at com.kms.katalon.core.main.TestSuiteExecutor.accessTestSuiteMainPhase(TestSuiteExecutor.java:112)
	at com.kms.katalon.core.main.TestSuiteExecutor.execute(TestSuiteExecutor.java:81)
	at com.kms.katalon.core.main.TestCaseMain.startTestSuite(TestCaseMain.java:149)
	at com.kms.katalon.core.main.TestCaseMain$startTestSuite$0.call(Unknown Source)
	at TempTestSuite1544986567402.run(TempTestSuite1544986567402.groovy:36)]]></system-err>
   </testsuite>
</testsuites>
